4
8
12
16
19
23
27
31
35
39
44
47
51
56
59
63
68
71
76
79
84
87
91
95
99
103
107
111
115
119
123
128
132
136
140
144
148
152
156
160
164
168
172
176
180
184
188
192
195
200
203
207
211
215
219
223
227
231
235
238
243
247
250
254
258
262
266
270
274
277
281
286
289
293
297
302
306
310
313
317
321
324
328
332
336
340
344
348
352
356
361
365
369
373
377
381
385
389
393
397
397
397
397
396
396
397
397
397
397
397
397
397
396
397
397
397
397
397
397
397
397
397
397
397
397
397
398
398
397
397
397
396
396
396
396
396
395
395
396
395
395
395
395
395
395
395
395
395
396
395
395
395
395
395
395
395
395
396
396
396
396
397
397
397
397
397
397
398
398
399
399
399
399
399
399
398
399
398
399
399
399
399
399
400
399
399
399
399
399
400
399
399
399
399
399
399
399
399
399
399
399
399
400
400
401
400
400
400
400
400
400
399
399
399
398
399
399
399
399
399
399
398
398
398
398
398
398
398
398
398
398
399
399
399
400
400
400
400
399
400
400
399
400
400
400
400
400
400
400
400
400
400
400
400
400
400
400
400
400
400
400
400
400
400
401
401
401
401
401
401
400
400
400
401
401
401
400
400
400
401
401
401
400
400
401
400
400
400
400
399
399
399
400
400
400
401
400
400
399
399
400
400
399
400
400
400
400
400
401
401
401
401
402
402
403
402
403
402
402
402
402
402
403
403
403
403
403
403
403
403
403
403
403
402
402
402
402
402
402
401
(D) [Fiction] [4.06] [20093] David Mitchell. Ghostwritten. 2001. ISBN: 9780375724503. 
(D) [Fiction] [3.56] [18450] Ernest Hemingway. To Have and Have Not. 1999. ISBN: 9780684859231. 
(D) [Fiction] [4.15] [36843] Kelley Armstrong. Stolen. 2004. ISBN: 9780452285934. 
(D) [Fiction] [3.83] [12722] Charles Dickens. Martin Chuzzlewit. 1999. ISBN: 9780140436143. 
390
394
397
401
401
(D) [Fiction] [3.96] [40488] Kurt Vonnegut. God Bless You, Mr. Rosewater. 1998. ISBN: 9780385333474. 
(D) [History] [4.35] [13764] Richard Rhodes. The Making of the Atomic Bomb. 1986. ISBN: 9780684813783. 
397
401
(D) [Fiction] [4.05] [9575] Mercedes Lackey. Oathblood. 1998. ISBN: 9780886777739. 
(D) [Fiction] [4.32] [6805] Anton Pavlovich Chekhov. Ward No. 6 and Other Stories. 2003. ISBN: 9781593080037. 
(D) [Christian life] [4.09] [37569] Clive Staples Lewis. The Problem of Pain. 2002. ISBN: 9780006280934. 
(D) [Juvenile Fiction] [3.85] [255627] Jack London. The Call of the Wild. 2000. ISBN: 9780439227148. 
389
394
398
402
402
(D) [Fiction] [3.69] [26779] Margaret Atwood. The Penelopiad. 2005. ISBN: 9781841957173. 
(D) [Fiction] [3.85] [10071] T. Coraghessan Boyle. Drop City. 2004. ISBN: 9780142003800. 
(D) [Blake, Anita (Fictitious character)] [3.63] [39241] Laurell K. Hamilton. Micah. (Anita Blake. 2006. ISBN: 9780515140873. 
(D) [Fiction] [4.05] [36909] John Fowles. The Magus. 2001. ISBN: 9780316296199. 
391
(D) [Fiction] [4.21] [36300] M. M. Kaye. The Far Pavilions. 1997. ISBN: 9780312151256. 
391
(D) [Fiction] [4.27] [120981] Diana Gabaldon. The Fiery Cross. 2005. ISBN: 9780440221661. 
(D) [Fiction] [4.04] [13610] Franz Kafka. The Metamorphosis, in the Penal Colony and Other Stories. 2000. ISBN: 9780684800707. 
(D) [Juvenile Fiction] [3.89] [13463] Lois Lowry. Gossamer. 2006. ISBN: 9780618685509. 
(D) [Biography & Autobiography] [4.33] [160056] Stephen King. On Writing. 2002. ISBN: 9780743455961. 
378
(D) [Biography & Autobiography] [4.06] [264047] David McCullough. John Adams. 2002. ISBN: 9780743223133. 
(D) [Fantasy] [4.1] [8964] Kathryn Lasky. Guardians of Ga'Hoole #4: The Siege. 2003. ISBN: 9780439405607. 
375
379
(D) [Humor] [4.63] [48868] Bill Watterson. The Calvin and Hobbes Tenth Anniversary Book. 1995. ISBN: 9780836204384. 
(D) [History] [4.28] [52443] Miep Gies, Alison Leslie Gold. Anne Frank Remembered. 1988. ISBN: 9780671662349. 
(D) [Poetry] [4.27] [33004] Robert Frost. The Road Not Taken, and Other Poems. 1993. ISBN: 9780486275505. 
370
374
(D) [Intelligence service] [4.1] [116535] Tom Clancy. Clear and Present Danger. 1989. ISBN: 9780425144374. 
374
378
382
(D) [Juvenile Nonfiction] [4.34] [114058] Shel Silverstein. Falling Up. 2002. ISBN: 9780060513092. 
(D) [Fiction] [4.08] [12524] Greg Iles. True Evil. 2006. ISBN: 9780743292498. 
(D) [Fiction] [3.91] [13984] Kōbō Abe. The Woman in the Dunes. 1964. ISBN: 9780679733782. 
374
379
383
(D) [Fiction] [3.93] [14788] Clive Cussler. Trojan Odyssey. 2004. ISBN: 9780425199329. 
(D) [Biography & Autobiography] [3.63] [195863] James Frey. A Million Little Pieces. 2004. ISBN: 9780307276902. 
(D) [Social Science] [4.48] [11007] Professor Audre Lorde, Audre Lorde. Sister Outsider. 1984. ISBN: 9780895941411. 
(D) [Humor] [4.76] [23336] Bill Watterson. It's a Magical World. 1996. ISBN: 9780836221367. 
(D) [Fiction] [3.69] [41850] Alice Hoffman. Here on Earth. 1999. ISBN: 9780425169698. 
(D) [Fiction] [3.67] [1861140] William Golding. Lord of the Flies. 1999. ISBN: 9780140283334. 
363
367
371
374
379
(D) [Christmas] [3.48] [44098] John Grisham. Skipping Christmas. 2004. ISBN: 9780099481683. 
(D) [History] [3.96] [49487] John Hersey. Hiroshima. 1989. ISBN: 9780679721031. 
375
(D) [Fiction] [4.14] [197049] Terry Goodkind. Wizard's First Rule. 2003. ISBN: 9780765346520. 
(D) [Juvenile Nonfiction] [4.44] [9772] James Herriot. James Herriot's Treasury for Children. 1992. ISBN: 9780312085124. 
(D) [Philosophy] [4.0] [13333] Søren Kierkegaard. Fear and Trembling. 2005. ISBN: 9780143037576. 
366
370
(D) [Self-Help] [3.78] [288074] Spencer Johnson. Who Moved My Cheese?. 2002. ISBN: 9780091883768. 
370
374
(D) [Fiction] [3.7] [54061] Thomas Pynchon. The Crying of Lot 49. 1966. ISBN: 9780060913076. 
375
379
383
387
(D) [Fiction] [3.84] [12423] Kurt Vonnegut. God Bless You, Dr. Kevorkian. 2001. ISBN: 9780743422000. 
(D) [Fiction] [3.97] [35497] Graham Greene, Robert Stone. The quiet American. 1955. ISBN: 9780143039020. 
(D) [Accidents] [3.63] [29552] Ian McEwan. Enduring Love. 2004. ISBN: 9780099481249. 
380
384
(D) [Fiction] [3.5] [8182] Douglas Coupland. Shampoo Planet. 2002. ISBN: 9780743231534. 
(D) [Fiction] [4.15] [10953] Chaïm Potok. The Promise. 2005. ISBN: 9781400095414. 
(D) [Fiction] [3.69] [85123] Jodi Picoult. Vanishing Acts. 2005. ISBN: 9780743454551. 
376
380
384
(D) [Fiction] [4.13] [421344] Jane Austen. Persuasion. 2004. ISBN: 9780192802637. 
(D) [Sports & Recreation] [4.06] [291489] Bill Bryson. A Walk in the Woods. 2007. ISBN: 9780307279460. 
(D) [Fiction] [3.93] [9996] Robert A. Heinlein. Tunnel in the Sky. 2005. ISBN: 9781416505518. 
377
(D) [Fiction] [4.18] [105317] Dennis Lehane. Mystic River. 2003. ISBN: 9780060584757. 
(D) [Juvenile Fiction] [4.09] [111896] Brandon Mull. Fablehaven. 2006. ISBN: 9781590385814. 
372
376
(D) [Fiction] [4.18] [9455] David Weber, John Ringo. March Upcountry. 2002. ISBN: 9780743435383. 
(D) [Juvenile Fiction] [4.78] [38872] J. K. Rowling. Harry Potter. 2004. ISBN: 9780439682589. 
(D) [Fiction] [3.65] [23410] T. Coraghessan Boyle. The Tortilla Curtain. 1996. ISBN: 9780140238280. 
(D) [Fiction] [3.61] [63149] Chuck Palahniuk. Diary. 2004. ISBN: 9781400032815. 
363
367
371
375
379
383
(D) [Fiction] [3.8] [8041] E. L. Doctorow. The March. 2006. ISBN: 9780812976151. 
(D) [True Crime] [4.07] [68213] Bill Bryson. In a Sunburned Country. 2001. ISBN: 9780767903868. 
(D) [Fiction] [4.2] [250693] J. R. Ward. Dark Lover. 2005. ISBN: 9780451216953. 
(D) [History] [4.23] [12590] Michael Herr. Dispatches. 1991. ISBN: 9780679735250. 
371
375
379
(D) [Fiction] [3.67] [56882] Stephen King. Lisey's Story. 2006. ISBN: 9780743289412. 
(D) [Fiction] [4.2] [31846] Chaim Potok. My Name Is Asher Lev. 2003. ISBN: 9781400031047. 
376
380
385
(D) [Fiction] [4.04] [62698] Dean Ray Koontz. Intensity. 2000. ISBN: 9780553582918. 
(D) [Fiction] [3.81] [38265] Dean Ray Koontz. The Husband. 2006. ISBN: 9780553804799. 
(D) [Self-Help] [4.03] [35605] Erich Fromm. The Art of Loving. 2006. ISBN: 9780061129735. 
377
381
385
389
(D) [Fiction] [4.23] [293877] Stephen King. It. 1990. ISBN: 9780451169518. 
(D) [Juvenile Fiction] [4.73] [27410] J. K. Rowling. The Harry Potter Collection. 2005. ISBN: 9780439827607. 
385
388
(D) [Fiction] [4.32] [10520] Karen Kingsbury. Ever After. 2006. ISBN: 9780310247562. 
(D) [Photographers] [3.57] [12404] Anne Rampling, Anne Rice. Exit to Eden. 1998. ISBN: 9780727853417. 
(D) [Fiction] [4.07] [705175] Oscar Wilde. The Picture of Dorian Gray. 1998. ISBN: 9780375751516. 
(D) [Humor] [4.67] [19364] Bill Watterson. The Calvin and Hobbes Lazy Sunday Book. 1989. ISBN: 9780836218527. 
376
380
(D) [Juvenile Fiction] [3.92] [19083] Garth Nix. Lady Friday. 2007. ISBN: 9780439700887. 
(D) [Fiction] [4.04] [34296] Nelson DeMille. Plum Island. 2002. ISBN: 9780446679084. 
[0][Fiction] [4.02] [10983] Kaye Gibbons. Charms for the Easy Life. 2005. ISBN: 9780060760250. 
[1][Fiction] [4.27] [43469] Robert Graves. I, Claudius. 1989. ISBN: 9780679724773. 
[2][Fiction] [3.95] [11083] John le Carre. The Honourable Schoolboy. 2002. ISBN: 9780743457910. 
[3][Juvenile Fiction] [3.9] [10368] Garth Nix. Shade's Children (rack). 1998. ISBN: 9780064471961. 
[4][Fiction] [4.39] [188662] Diana Gabaldon. Voyager. 2001. ISBN: 9780385335997. 
[5][Fantasy fiction] [3.65] [24470] Ann Patchett. The Magician's Assistant. 1998. ISBN: 9781857028157. 
[6][Fiction] [3.8] [85882] Sarah Dunant. The Birth of Venus. 2004. ISBN: 9780812968972. 
[7][Biography & Autobiography] [3.85] [14475] Chuck Klosterman. Chuck Klosterman IV. 2006. ISBN: 9780743284882. 
[8][Fiction] [4.03] [7448] Aaron Allston. Iron Fist. 1998. ISBN: 9780553578973. 
[9][Juvenile Fiction] [4.02] [7939] Amelia Atwater-Rhodes. Midnight Predator. 2003. ISBN: 9780440237976. 
[10][Comics & Graphic Novels] [4.08] [13358] Neil Gaiman. The Books of Magic. 1993. ISBN: 9781563890826. 
[11][Fiction] [4.2] [7163] Fyodor Dostoyevsky. Crime and Punishment. 1993. ISBN: 9780679734505. 
[12][Comics & Graphic Novels] [4.22] [17047] Chris Ryall. The Great and Secret Show. 2006. ISBN: 9781600100291. 
[13][Fiction] [3.88] [73165] Anna Quindlen. Black and Blue. 2000. ISBN: 9780385333139. 
[14][Biography & Autobiography] [3.72] [34588] Lance Armstrong. It's Not About the Bike. 2001. ISBN: 9780425179611. 
[15][Fiction] [3.85] [234760] Jane Austen. Mansfield Park. 2003. ISBN: 9780141439808. 
[16][Fiction] [4.04] [11007] Indu Sundaresan. The Twentieth Wife. 2003. ISBN: 9780743428187. 
[17][Fiction] [4.01] [43210] Neil Gaiman. Fragile Things. 2006. ISBN: 9780060515225. 
[18][Fiction] [3.86] [110552] Jacquelyn Mitchard. The Deep End of the Ocean. 1999. ISBN: 9780140286274. 
[19][Fiction] [4.13] [491147] George R. R. Martin. A Feast for Crows. 2006. ISBN: 9780553582024. 
[20][Fiction] [3.77] [12714] V. S. Naipaul. A Bend in the River. 2002. ISBN: 9780330487146. 
[21][Fiction] [4.16] [23807] Lisa Gardner. The Third Victim. 2001. ISBN: 9780553578683. 
[22][English fiction] [3.76] [105027] Stephen King. The Dark Half. 1990. ISBN: 9780450524684. 
[23][Fiction] [3.68] [13065] Milan Kundera. Identity. 1999. ISBN: 9780060930318. 
[24][Fiction] [3.83] [33398] Margaret Atwood. The Robber Bride. 1998. ISBN: 9780385491037. 
[25][Fiction] [4.13] [491147] George R. R. Martin. A Feast for Crows. 2006. ISBN: 9780553582024. 
[26][Biography & Autobiography] [3.72] [34588] Lance Armstrong. It's Not About the Bike. 2001. ISBN: 9780425179611. 
[27][Fiction] [3.69] [85123] Jodi Picoult. Vanishing Acts. 2005. ISBN: 9780743454551. 
[28][Fiction] [3.68] [13065] Milan Kundera. Identity. 1999. ISBN: 9780060930318. 
[29][Fiction] [4.04] [11007] Indu Sundaresan. The Twentieth Wife. 2003. ISBN: 9780743428187. 
[30][Fiction] [4.13] [421344] Jane Austen. Persuasion. 2004. ISBN: 9780192802637. 
[31][Fiction] [3.97] [35497] Graham Greene, Robert Stone. The quiet American. 1955. ISBN: 9780143039020. 
[32][Humor] [4.67] [19364] Bill Watterson. The Calvin and Hobbes Lazy Sunday Book. 1989. ISBN: 9780836218527. 
[33][Juvenile Fiction] [4.73] [27410] J. K. Rowling. The Harry Potter Collection. 2005. ISBN: 9780439827607. 
[34][Fiction] [3.65] [23410] T. Coraghessan Boyle. The Tortilla Curtain. 1996. ISBN: 9780140238280. 
[35][Fiction] [3.93] [9996] Robert A. Heinlein. Tunnel in the Sky. 2005. ISBN: 9781416505518. 
[36][History] [3.99] [7271] Jon Krakauer. Under the Banner of Heaven. 2004. ISBN: 9781400032808. 
[37][Cooking] [4.17] [14222] Marcella Hazan. Essentials of Classic Italian Cooking. 1992. ISBN: 9780394584041. 
[38][Art] [4.27] [9593] Alan Lee. The Lord of the Rings Sketchbook. 2005. ISBN: 9780618640140. 
[39][Fiction] [3.98] [15648] Chitra Banerjee Divakaruni. Sister of My Heart. 2000. ISBN: 9780385489515. 
[40][History] [4.43] [77632] Stephen E. Ambrose. Band of Brothers. 2002. ISBN: 9780743464116. 
[41][American wit and humor, Pictorial] [4.19] [46225] Edward Gorey. The Gashlycrumb Tinies, Or, After the Outing. 1998. ISBN: 9780747541608. 
[42][Fiction] [4.25] [15531] Jacqueline Carey. Kushiel's Justice. 2007. ISBN: 9780446500036. 
[43][Juvenile Fiction] [4.56] [1944099] Rowling, J.K.. Harry Potter and the Half-Blood Prince (Book 6). 2015. ISBN: 9780439785969. 
[44][Vice-Presidents] [4.07] [6921] Gore Vidal. American Chronicle. 2000. ISBN: 9780375708732. 
[45][Philosophy] [4.18] [7203] Arthur Schopenhauer. The World as Will and Representation. 1958. ISBN: 9780486217611. 
[46][Business & Economics] [3.62] [163279] Barbara Ehrenreich. Nickel and Dimed. 2002. ISBN: 9780805063899. 
[47][Comics & Graphic Novels] [4.64] [102955] Bill Watterson. The Essential Calvin And Hobbes. 1988. ISBN: 9780836218053. 
[48][Fiction] [4.22] [9117] Patricia A. McKillip. Riddle-master. 1999. ISBN: 9780441005963. 
[49][Juvenile Fiction] [4.25] [9963] Julie Andrews Edwards. The Last of the Really Great Whangdoodles. 1996. ISBN: 9780060218058. 
[50][Poetry] [4.45] [15986] Pablo Neruda, Ilan Stavans. The Poetry of Pablo Neruda. 2005. ISBN: 9780374529604. 
[51][Fiction] [3.83] [10413] John Ronald Reuel Tolkien. The Book of Lost Tales. 1992. ISBN: 9780345375216. 
[52][Juvenile Fiction] [3.98] [10723] Barbara Park. Junie B. Jones and a Little Monkey Business. 1993. ISBN: 9780679838869. 
[53][Poetry] [3.49] [161011] Geoffrey Chaucer. The Canterbury Tales. 2003. ISBN: 9780140424386. 
[54][Fiction] [4.26] [306069] Carlos Ruiz Zafón. The Shadow of the Wind. 2005. ISBN: 9780143034902. 
[55][Fiction] [3.61] [15469] Douglas Coupland. Girlfriend in a Coma. 1999. ISBN: 9780060987329. 
[56][Fiction] [4.04] [22935] Raymond E. Feist. Shadow of a Dark Queen. 1995. ISBN: 9780380720866. 
[57][Fiction] [3.93] [37965] Patricia Daniels Cornwell. Cause of Death. 2007. ISBN: 9780425213384. 
[58][Juvenile Fiction] [3.71] [17665] Cecily von Ziegesar. Gossip Girl #6: You're the One That I Want. 2004. ISBN: 9780316735162. 
[59][Philosophy] [4.23] [10629] Ludwig Wittgenstein. Philosophical Investigations. 1991. ISBN: 9780631231271. 
[60][Poetry] [4.35] [19244] Edward Estlin Cummings. Complete Poems, 1904-1962. 1994. ISBN: 9780871401526. 
[61][Children's stories] [4.16] [8903] Dr. Seuss, Barney Tobey. I Wish that I Had Duck Feet. 2004. ISBN: 9780007173136. 
[62][Juvenile Fiction] [4.14] [51994] Lloyd Alexander. The Black Cauldron. 2006. ISBN: 9780805080490. 
[63][Fiction] [3.76] [22369] Charlaine Harris. Shakespeare's Landlord. 2005. ISBN: 9780425206867. 
[64][Biography & Autobiography] [4.22] [326424] Maya Angelou. I Know why the Caged Bird Sings. 1993. ISBN: 9780553279375. 
[65][Biography & Autobiography] [3.78] [9053] Nick Flynn. Another Bullshit Night in Suck City: A Memoir. 2005. ISBN: 9780393329407. 
[66][Fiction] [3.87] [10140] Robert A. Heinlein. To Sail Beyond the Sunset. 1988. ISBN: 9780441748600. 
[67][Self-Help] [4.01] [8388] Greg Behrendt, Amiira Ruotola-Behrendt. It's Called a Breakup Because It's Broken. 2006. ISBN: 9780767921961. 
[68][Juvenile Fiction] [4.17] [52011] Louis Sachar. Wayside School Is Falling Down (rack). 1998. ISBN: 9780380731503. 
[69][Biography & Autobiography] [4.34] [13079] Clayborne Carson. The Autobiography of Martin Luther King, Jr.. 2001. ISBN: 9780446676502. 
[70][Family & Relationships] [3.78] [15488] Leil Lowndes. How to Talk to Anyone : 92 Little Tricks for Big Success in Relationships. 2003. ISBN: 9780071418584. 
[71][Fiction] [3.68] [53972] Edward Morgan Forster, Pankaj Mishra. A Passage to India. 2005. ISBN: 9780141441160. 
[72][Candy] [3.81] [16265] Roald Dahl, Quentin Blake. The Giraffe and the Pelly and Me. 2001. ISBN: 9780140568196. 
[73][Fiction] [3.63] [20474] Stephen King. Stephen King's Danse Macabre. 2001. ISBN: 9780425181607. 
[74][Self-Help] [4.03] [16935] Robert Fulghum. All I Really Need to Know I Learned in Kindergarten. 2004. ISBN: 9780345466396. 
[75][Fiction] [4.05] [113459] Agatha Christie. Murder at the Vicarage. 2005. ISBN: 9781579126254. 
[76][Literary Criticism] [3.65] [14917] Thomas C. Foster. How to Read Literature Like a Professor. 2003. ISBN: 9780060009427. 
[77][Psychology] [3.98] [9957] Daniel Goleman. Social Intelligence. 2006. ISBN: 9780553803525. 
[78][Comics & Graphic Novels] [4.56] [12344] Hiromu Arakawa. Fullmetal Alchemist, Vol. 5. 2006. ISBN: 9781421501758. 
[79][History] [4.35] [13764] Richard Rhodes. The Making of the Atomic Bomb. 1986. ISBN: 9780684813783. 
[80][Fiction] [4.04] [13610] Franz Kafka. The Metamorphosis, in the Penal Colony and Other Stories. 2000. ISBN: 9780684800707. 
[81][Poetry] [4.27] [33004] Robert Frost. The Road Not Taken, and Other Poems. 1993. ISBN: 9780486275505. 
[82][Humor] [4.63] [48868] Bill Watterson. The Calvin and Hobbes Tenth Anniversary Book. 1995. ISBN: 9780836204384. 
[83][Social Science] [4.48] [11007] Professor Audre Lorde, Audre Lorde. Sister Outsider. 1984. ISBN: 9780895941411. 
[84][Juvenile Nonfiction] [4.44] [9772] James Herriot. James Herriot's Treasury for Children. 1992. ISBN: 9780312085124. 
[85][Self-Help] [3.78] [288074] Spencer Johnson. Who Moved My Cheese?. 2002. ISBN: 9780091883768. 
[86][Fiction] [4.2] [250693] J. R. Ward. Dark Lover. 2005. ISBN: 9780451216953. 
[87][Fiction] [4.02] [10983] Kaye Gibbons. Charms for the Easy Life. 2005. ISBN: 9780060760250. 
[88][Juvenile Fiction] [4.02] [7939] Amelia Atwater-Rhodes. Midnight Predator. 2003. ISBN: 9780440237976. 
[89][Fiction] [3.8] [85882] Sarah Dunant. The Birth of Venus. 2004. ISBN: 9780812968972. 
[90][Comics & Graphic Novels] [4.22] [17047] Chris Ryall. The Great and Secret Show. 2006. ISBN: 9781600100291. 
[91][Fiction] [4.16] [23807] Lisa Gardner. The Third Victim. 2001. ISBN: 9780553578683. 
